1706648375.252609 client started (3914482): version 3.3a, socket /tmp/tmux-1000/default, protocol 8
1706648375.252680 on Linux 6.6.10-1-MANJARO #1 SMP PREEMPT_DYNAMIC Fri Jan  5 17:38:36 UTC 2024
1706648375.252690 using libevent 2.1.12-stable (poll); ncurses 6.4
1706648375.252732 flags are 0x10010000
1706648375.252740 socket is /tmp/tmux-1000/default
1706648375.252764 trying connect
1706648375.252958 add peer 0x55638dddf3c0: 6 ((nil))
1706648375.253647 sending message 100 to peer 0x55638dddf3c0 (4 bytes)
1706648375.253664 sending message 111 to peer 0x55638dddf3c0 (8 bytes)
1706648375.253671 sending message 101 to peer 0x55638dddf3c0 (16 bytes)
1706648375.253677 sending message 109 to peer 0x55638dddf3c0 (4 bytes)
1706648375.253683 sending message 102 to peer 0x55638dddf3c0 (11 bytes)
1706648375.253689 sending message 108 to peer 0x55638dddf3c0 (26 bytes)
1706648375.253696 sending message 112 to peer 0x55638dddf3c0 (70 bytes)
1706648375.253703 sending message 112 to peer 0x55638dddf3c0 (5 bytes)
1706648375.253709 sending message 112 to peer 0x55638dddf3c0 (5 bytes)
1706648375.253715 sending message 112 to peer 0x55638dddf3c0 (6 bytes)
1706648375.253721 sending message 112 to peer 0x55638dddf3c0 (6 bytes)
1706648375.253727 sending message 112 to peer 0x55638dddf3c0 (11 bytes)
1706648375.253733 sending message 112 to peer 0x55638dddf3c0 (10 bytes)
1706648375.253739 sending message 112 to peer 0x55638dddf3c0 (13 bytes)
1706648375.253746 sending message 112 to peer 0x55638dddf3c0 (13 bytes)
1706648375.253752 sending message 112 to peer 0x55638dddf3c0 (18 bytes)
1706648375.253759 sending message 112 to peer 0x55638dddf3c0 (11 bytes)
1706648375.253765 sending message 112 to peer 0x55638dddf3c0 (21 bytes)
1706648375.253771 sending message 112 to peer 0x55638dddf3c0 (13 bytes)
1706648375.253777 sending message 112 to peer 0x55638dddf3c0 (7 bytes)
1706648375.253783 sending message 112 to peer 0x55638dddf3c0 (13 bytes)
1706648375.253789 sending message 112 to peer 0x55638dddf3c0 (7 bytes)
1706648375.253796 sending message 112 to peer 0x55638dddf3c0 (13 bytes)
1706648375.253802 sending message 112 to peer 0x55638dddf3c0 (9 bytes)
1706648375.253808 sending message 112 to peer 0x55638dddf3c0 (21 bytes)
1706648375.253815 sending message 112 to peer 0x55638dddf3c0 (13 bytes)
1706648375.253821 sending message 112 to peer 0x55638dddf3c0 (8 bytes)
1706648375.253828 sending message 112 to peer 0x55638dddf3c0 (12 bytes)
1706648375.253834 sending message 112 to peer 0x55638dddf3c0 (13 bytes)
1706648375.253841 sending message 112 to peer 0x55638dddf3c0 (9 bytes)
1706648375.253847 sending message 112 to peer 0x55638dddf3c0 (9 bytes)
1706648375.253854 sending message 112 to peer 0x55638dddf3c0 (12 bytes)
1706648375.253860 sending message 112 to peer 0x55638dddf3c0 (8 bytes)
1706648375.253866 sending message 112 to peer 0x55638dddf3c0 (7 bytes)
1706648375.253872 sending message 112 to peer 0x55638dddf3c0 (7 bytes)
1706648375.253878 sending message 112 to peer 0x55638dddf3c0 (9 bytes)
1706648375.253884 sending message 112 to peer 0x55638dddf3c0 (13 bytes)
1706648375.253890 sending message 112 to peer 0x55638dddf3c0 (9 bytes)
1706648375.253897 sending message 112 to peer 0x55638dddf3c0 (15 bytes)
1706648375.253903 sending message 112 to peer 0x55638dddf3c0 (13 bytes)
1706648375.253909 sending message 112 to peer 0x55638dddf3c0 (12 bytes)
1706648375.253915 sending message 112 to peer 0x55638dddf3c0 (8 bytes)
1706648375.253921 sending message 112 to peer 0x55638dddf3c0 (14 bytes)
1706648375.253927 sending message 112 to peer 0x55638dddf3c0 (9 bytes)
1706648375.253933 sending message 112 to peer 0x55638dddf3c0 (10 bytes)
1706648375.253939 sending message 112 to peer 0x55638dddf3c0 (10 bytes)
1706648375.253945 sending message 112 to peer 0x55638dddf3c0 (10 bytes)
1706648375.253951 sending message 112 to peer 0x55638dddf3c0 (10 bytes)
1706648375.253958 sending message 112 to peer 0x55638dddf3c0 (11 bytes)
1706648375.253964 sending message 112 to peer 0x55638dddf3c0 (10 bytes)
1706648375.253970 sending message 112 to peer 0x55638dddf3c0 (8 bytes)
1706648375.253975 sending message 112 to peer 0x55638dddf3c0 (11 bytes)
1706648375.253999 sending message 112 to peer 0x55638dddf3c0 (11 bytes)
1706648375.254006 sending message 112 to peer 0x55638dddf3c0 (11 bytes)
1706648375.254012 sending message 112 to peer 0x55638dddf3c0 (8 bytes)
1706648375.254019 sending message 112 to peer 0x55638dddf3c0 (8 bytes)
1706648375.254025 sending message 112 to peer 0x55638dddf3c0 (8 bytes)
1706648375.254031 sending message 112 to peer 0x55638dddf3c0 (10 bytes)
1706648375.254037 sending message 112 to peer 0x55638dddf3c0 (10 bytes)
1706648375.254043 sending message 112 to peer 0x55638dddf3c0 (10 bytes)
1706648375.254049 sending message 112 to peer 0x55638dddf3c0 (10 bytes)
1706648375.254056 sending message 112 to peer 0x55638dddf3c0 (10 bytes)
1706648375.254062 sending message 112 to peer 0x55638dddf3c0 (11 bytes)
1706648375.254069 sending message 112 to peer 0x55638dddf3c0 (11 bytes)
1706648375.254075 sending message 112 to peer 0x55638dddf3c0 (10 bytes)
1706648375.254081 sending message 112 to peer 0x55638dddf3c0 (9 bytes)
1706648375.254087 sending message 112 to peer 0x55638dddf3c0 (9 bytes)
1706648375.254093 sending message 112 to peer 0x55638dddf3c0 (12 bytes)
1706648375.254099 sending message 112 to peer 0x55638dddf3c0 (9 bytes)
1706648375.254105 sending message 112 to peer 0x55638dddf3c0 (6 bytes)
1706648375.254111 sending message 112 to peer 0x55638dddf3c0 (13 bytes)
1706648375.254117 sending message 112 to peer 0x55638dddf3c0 (8 bytes)
1706648375.254124 sending message 112 to peer 0x55638dddf3c0 (15 bytes)
1706648375.254130 sending message 112 to peer 0x55638dddf3c0 (13 bytes)
1706648375.254136 sending message 112 to peer 0x55638dddf3c0 (70 bytes)
1706648375.254142 sending message 112 to peer 0x55638dddf3c0 (69 bytes)
1706648375.254149 sending message 112 to peer 0x55638dddf3c0 (10 bytes)
1706648375.254156 sending message 112 to peer 0x55638dddf3c0 (8 bytes)
1706648375.254162 sending message 112 to peer 0x55638dddf3c0 (15 bytes)
1706648375.254168 sending message 112 to peer 0x55638dddf3c0 (13 bytes)
1706648375.254175 sending message 112 to peer 0x55638dddf3c0 (10 bytes)
1706648375.254181 sending message 112 to peer 0x55638dddf3c0 (10 bytes)
1706648375.254187 sending message 112 to peer 0x55638dddf3c0 (5 bytes)
1706648375.254193 sending message 112 to peer 0x55638dddf3c0 (15 bytes)
1706648375.254201 sending message 104 to peer 0x55638dddf3c0 (0 bytes)
1706648375.254208 sending message 110 to peer 0x55638dddf3c0 (0 bytes)
1706648375.254215 sending message 107 to peer 0x55638dddf3c0 (4 bytes)
1706648375.254221 sending message 105 to peer 0x55638dddf3c0 (15 bytes)
1706648375.254228 sending message 105 to peer 0x55638dddf3c0 (20 bytes)
1706648375.254258 sending message 105 to peer 0x55638dddf3c0 (20 bytes)
1706648375.254267 sending message 105 to peer 0x55638dddf3c0 (54 bytes)
1706648375.254273 sending message 105 to peer 0x55638dddf3c0 (49 bytes)
1706648375.254279 sending message 105 to peer 0x55638dddf3c0 (23 bytes)
1706648375.254285 sending message 105 to peer 0x55638dddf3c0 (11 bytes)
1706648375.254291 sending message 105 to peer 0x55638dddf3c0 (12 bytes)
1706648375.254298 sending message 105 to peer 0x55638dddf3c0 (62 bytes)
1706648375.254316 sending message 105 to peer 0x55638dddf3c0 (94 bytes)
1706648375.254322 sending message 105 to peer 0x55638dddf3c0 (30 bytes)
1706648375.254328 sending message 105 to peer 0x55638dddf3c0 (32 bytes)
1706648375.254335 sending message 105 to peer 0x55638dddf3c0 (81 bytes)
1706648375.254341 sending message 105 to peer 0x55638dddf3c0 (21 bytes)
1706648375.254347 sending message 105 to peer 0x55638dddf3c0 (47 bytes)
1706648375.254353 sending message 105 to peer 0x55638dddf3c0 (26 bytes)
1706648375.254359 sending message 105 to peer 0x55638dddf3c0 (28 bytes)
1706648375.254365 sending message 105 to peer 0x55638dddf3c0 (22 bytes)
1706648375.254371 sending message 105 to peer 0x55638dddf3c0 (21 bytes)
1706648375.254378 sending message 105 to peer 0x55638dddf3c0 (22 bytes)
1706648375.254384 sending message 105 to peer 0x55638dddf3c0 (29 bytes)
1706648375.254390 sending message 105 to peer 0x55638dddf3c0 (33 bytes)
1706648375.254406 sending message 105 to peer 0x55638dddf3c0 (23 bytes)
1706648375.254412 sending message 105 to peer 0x55638dddf3c0 (17 bytes)
1706648375.254418 sending message 105 to peer 0x55638dddf3c0 (12 bytes)
1706648375.254424 sending message 105 to peer 0x55638dddf3c0 (23 bytes)
1706648375.254430 sending message 105 to peer 0x55638dddf3c0 (21 bytes)
1706648375.254437 sending message 105 to peer 0x55638dddf3c0 (30 bytes)
1706648375.254443 sending message 105 to peer 0x55638dddf3c0 (27 bytes)
1706648375.254449 sending message 105 to peer 0x55638dddf3c0 (24 bytes)
1706648375.254456 sending message 105 to peer 0x55638dddf3c0 (20 bytes)
1706648375.254462 sending message 105 to peer 0x55638dddf3c0 (23 bytes)
1706648375.254468 sending message 105 to peer 0x55638dddf3c0 (21 bytes)
1706648375.254474 sending message 105 to peer 0x55638dddf3c0 (25 bytes)
1706648375.254480 sending message 105 to peer 0x55638dddf3c0 (20 bytes)
1706648375.254486 sending message 105 to peer 0x55638dddf3c0 (8 bytes)
1706648375.254492 sending message 105 to peer 0x55638dddf3c0 (18 bytes)
1706648375.254498 sending message 105 to peer 0x55638dddf3c0 (32 bytes)
1706648375.254506 sending message 105 to peer 0x55638dddf3c0 (1817 bytes)
1706648375.254562 sending message 105 to peer 0x55638dddf3c0 (31 bytes)
1706648375.254569 sending message 105 to peer 0x55638dddf3c0 (15 bytes)
1706648375.254576 sending message 105 to peer 0x55638dddf3c0 (186 bytes)
1706648375.254582 sending message 105 to peer 0x55638dddf3c0 (51 bytes)
1706648375.254588 sending message 105 to peer 0x55638dddf3c0 (15 bytes)
1706648375.254594 sending message 105 to peer 0x55638dddf3c0 (40 bytes)
1706648375.254600 sending message 105 to peer 0x55638dddf3c0 (23 bytes)
1706648375.254606 sending message 105 to peer 0x55638dddf3c0 (11 bytes)
1706648375.254613 sending message 105 to peer 0x55638dddf3c0 (50 bytes)
1706648375.254619 sending message 105 to peer 0x55638dddf3c0 (751 bytes)
1706648375.254625 sending message 105 to peer 0x55638dddf3c0 (13 bytes)
1706648375.254632 sending message 105 to peer 0x55638dddf3c0 (30 bytes)
1706648375.254638 sending message 105 to peer 0x55638dddf3c0 (30 bytes)
1706648375.254644 sending message 105 to peer 0x55638dddf3c0 (35 bytes)
1706648375.254651 sending message 105 to peer 0x55638dddf3c0 (66 bytes)
1706648375.254657 sending message 105 to peer 0x55638dddf3c0 (80 bytes)
1706648375.254663 sending message 105 to peer 0x55638dddf3c0 (15 bytes)
1706648375.254669 sending message 105 to peer 0x55638dddf3c0 (50 bytes)
1706648375.254675 sending message 105 to peer 0x55638dddf3c0 (8 bytes)
1706648375.254681 sending message 105 to peer 0x55638dddf3c0 (25 bytes)
1706648375.254688 sending message 105 to peer 0x55638dddf3c0 (21 bytes)
1706648375.254694 sending message 105 to peer 0x55638dddf3c0 (18 bytes)
1706648375.254700 sending message 105 to peer 0x55638dddf3c0 (26 bytes)
1706648375.254707 sending message 105 to peer 0x55638dddf3c0 (38 bytes)
1706648375.254713 sending message 105 to peer 0x55638dddf3c0 (13 bytes)
1706648375.254719 sending message 105 to peer 0x55638dddf3c0 (15 bytes)
1706648375.254725 sending message 105 to peer 0x55638dddf3c0 (12 bytes)
1706648375.254731 sending message 105 to peer 0x55638dddf3c0 (18 bytes)
1706648375.254738 sending message 105 to peer 0x55638dddf3c0 (29 bytes)
1706648375.254744 sending message 105 to peer 0x55638dddf3c0 (16 bytes)
1706648375.254750 sending message 105 to peer 0x55638dddf3c0 (29 bytes)
1706648375.254757 sending message 105 to peer 0x55638dddf3c0 (38 bytes)
1706648375.254764 sending message 105 to peer 0x55638dddf3c0 (133 bytes)
1706648375.254770 sending message 105 to peer 0x55638dddf3c0 (40 bytes)
1706648375.254776 sending message 105 to peer 0x55638dddf3c0 (24 bytes)
1706648375.254783 sending message 105 to peer 0x55638dddf3c0 (147 bytes)
1706648375.254789 sending message 105 to peer 0x55638dddf3c0 (43 bytes)
1706648375.254795 sending message 105 to peer 0x55638dddf3c0 (31 bytes)
1706648375.254802 sending message 105 to peer 0x55638dddf3c0 (15 bytes)
1706648375.254817 sending message 105 to peer 0x55638dddf3c0 (52 bytes)
1706648375.254823 sending message 105 to peer 0x55638dddf3c0 (23 bytes)
1706648375.254829 sending message 105 to peer 0x55638dddf3c0 (24 bytes)
1706648375.254835 sending message 105 to peer 0x55638dddf3c0 (17 bytes)
1706648375.254841 sending message 105 to peer 0x55638dddf3c0 (58 bytes)
1706648375.254848 sending message 105 to peer 0x55638dddf3c0 (21 bytes)
1706648375.254855 sending message 105 to peer 0x55638dddf3c0 (44 bytes)
1706648375.254861 sending message 105 to peer 0x55638dddf3c0 (11 bytes)
1706648375.254867 sending message 105 to peer 0x55638dddf3c0 (31 bytes)
1706648375.254873 sending message 105 to peer 0x55638dddf3c0 (16 bytes)
1706648375.254879 sending message 105 to peer 0x55638dddf3c0 (23 bytes)
1706648375.254885 sending message 105 to peer 0x55638dddf3c0 (26 bytes)
1706648375.254892 sending message 105 to peer 0x55638dddf3c0 (47 bytes)
1706648375.254898 sending message 105 to peer 0x55638dddf3c0 (19 bytes)
1706648375.254905 sending message 105 to peer 0x55638dddf3c0 (19 bytes)
1706648375.254911 sending message 105 to peer 0x55638dddf3c0 (38 bytes)
1706648375.254917 sending message 105 to peer 0x55638dddf3c0 (22 bytes)
1706648375.254923 sending message 105 to peer 0x55638dddf3c0 (46 bytes)
1706648375.254929 sending message 105 to peer 0x55638dddf3c0 (35 bytes)
1706648375.254935 sending message 105 to peer 0x55638dddf3c0 (25 bytes)
1706648375.254941 sending message 105 to peer 0x55638dddf3c0 (57 bytes)
1706648375.254948 sending message 105 to peer 0x55638dddf3c0 (58 bytes)
1706648375.254955 sending message 106 to peer 0x55638dddf3c0 (0 bytes)
1706648375.255098 sending message 200 to peer 0x55638dddf3c0 (4 bytes)
1706648375.255112 client loop enter
1706648375.262018 peer 0x55638dddf3c0 message 303
1706648375.262046 open write file 2 -
1706648375.262076 sending message 305 to peer 0x55638dddf3c0 (8 bytes)
1706648375.262100 write check file 2
1706648375.262526 peer 0x55638dddf3c0 message 304
1706648375.262540 write 58 to file 2
1706648375.262552 peer 0x55638dddf3c0 message 203
1706648375.262558 file 2 58 bytes left
1706648375.262592 write check file 2
1706648375.262599 client loop exit
